23:05:20.256 [ApplicationImpl pooled thread 92] INFO  c.b.l.BrowserStackRunExtension - junit
23:05:20.261 [ApplicationImpl pooled thread 92] INFO  com.browserstack.utils.Helpers - null
23:05:20.270 [ApplicationImpl pooled thread 92] INFO  c.b.l.BrowserStackRunExtension - Agent path: null
23:07:03.934 [ApplicationImpl pooled thread 84] INFO  c.b.l.BrowserStackRunExtension - junit
23:07:03.934 [ApplicationImpl pooled thread 84] INFO  com.browserstack.utils.Helpers - null
23:07:03.950 [ApplicationImpl pooled thread 84] INFO  c.b.l.BrowserStackRunExtension - Agent path: null
22:43:00.188 [ApplicationImpl pooled thread 56] INFO  c.b.l.BrowserStackRunExtension - maven
22:43:00.192 [ApplicationImpl pooled thread 56] INFO  com.browserstack.utils.Helpers - null
22:48:34.754 [ApplicationImpl pooled thread 13] INFO  c.b.l.BrowserStackRunExtension - junit
22:48:34.758 [ApplicationImpl pooled thread 13] INFO  com.browserstack.utils.Helpers - null
22:48:34.759 [ApplicationImpl pooled thread 13] INFO  c.b.l.BrowserStackRunExtension - Agent path: null
16:03:31.246 [ApplicationImpl pooled thread 100] INFO  c.b.l.BrowserStackRunExtension - maven
16:03:31.265 [ApplicationImpl pooled thread 100] INFO  com.browserstack.utils.Helpers - null
16:04:44.780 [ApplicationImpl pooled thread 95] INFO  c.b.l.BrowserStackRunExtension - maven
16:04:44.780 [ApplicationImpl pooled thread 95] INFO  com.browserstack.utils.Helpers - null
16:06:15.890 [ApplicationImpl pooled thread 106] INFO  c.b.l.BrowserStackRunExtension - maven
16:06:15.890 [ApplicationImpl pooled thread 106] INFO  com.browserstack.utils.Helpers - null
16:06:48.169 [ApplicationImpl pooled thread 110] INFO  c.b.l.BrowserStackRunExtension - cucumber java
16:06:48.169 [ApplicationImpl pooled thread 110] INFO  com.browserstack.utils.Helpers - null
16:06:48.171 [ApplicationImpl pooled thread 110] INFO  c.b.l.BrowserStackRunExtension - Agent path: null
16:12:51.122 [ApplicationImpl pooled thread 106] INFO  c.b.l.BrowserStackRunExtension - cucumber java
16:12:51.123 [ApplicationImpl pooled thread 106] INFO  com.browserstack.utils.Helpers - null
16:12:51.129 [ApplicationImpl pooled thread 106] INFO  c.b.l.BrowserStackRunExtension - Agent path: null
16:13:01.197 [ApplicationImpl pooled thread 118] INFO  c.b.l.BrowserStackRunExtension - maven
16:13:01.198 [ApplicationImpl pooled thread 118] INFO  com.browserstack.utils.Helpers - null
16:13:23.600 [ApplicationImpl pooled thread 120] INFO  c.b.l.BrowserStackRunExtension - cucumber java
16:13:23.601 [ApplicationImpl pooled thread 120] INFO  com.browserstack.utils.Helpers - null
16:13:23.601 [ApplicationImpl pooled thread 120] INFO  c.b.l.BrowserStackRunExtension - Agent path: null
16:16:20.434 [ApplicationImpl pooled thread 125] INFO  c.b.l.BrowserStackRunExtension - cucumber java
16:16:20.434 [ApplicationImpl pooled thread 125] INFO  com.browserstack.utils.Helpers - null
16:16:20.435 [ApplicationImpl pooled thread 125] INFO  c.b.l.BrowserStackRunExtension - Agent path: null
16:19:44.810 [ApplicationImpl pooled thread 132] INFO  c.b.l.BrowserStackRunExtension - cucumber java
16:19:44.810 [ApplicationImpl pooled thread 132] INFO  com.browserstack.utils.Helpers - null
16:19:44.826 [ApplicationImpl pooled thread 132] INFO  c.b.l.BrowserStackRunExtension - Agent path: null
16:20:27.670 [ApplicationImpl pooled thread 115] INFO  c.b.l.BrowserStackRunExtension - cucumber java
16:20:27.670 [ApplicationImpl pooled thread 115] INFO  com.browserstack.utils.Helpers - null
16:20:27.671 [ApplicationImpl pooled thread 115] INFO  c.b.l.BrowserStackRunExtension - Agent path: null
16:23:20.306 [ApplicationImpl pooled thread 145] INFO  c.b.l.BrowserStackRunExtension - cucumber java
16:23:20.306 [ApplicationImpl pooled thread 145] INFO  com.browserstack.utils.Helpers - null
16:23:20.307 [ApplicationImpl pooled thread 145] INFO  c.b.l.BrowserStackRunExtension - Agent path: null
16:26:09.710 [ApplicationImpl pooled thread 146] INFO  c.b.l.BrowserStackRunExtension - cucumber java
16:26:09.711 [ApplicationImpl pooled thread 146] INFO  com.browserstack.utils.Helpers - null
16:26:09.711 [ApplicationImpl pooled thread 146] INFO  c.b.l.BrowserStackRunExtension - Agent path: null
16:26:26.653 [ApplicationImpl pooled thread 146] INFO  c.b.l.BrowserStackRunExtension - cucumber java
16:26:26.653 [ApplicationImpl pooled thread 146] INFO  com.browserstack.utils.Helpers - null
16:26:26.654 [ApplicationImpl pooled thread 146] INFO  c.b.l.BrowserStackRunExtension - Agent path: null
17:33:16.525 [ApplicationImpl pooled thread 198] INFO  c.b.l.BrowserStackRunExtension - cucumber java
17:33:16.525 [ApplicationImpl pooled thread 198] INFO  com.browserstack.utils.Helpers - null
17:33:16.526 [ApplicationImpl pooled thread 198] INFO  c.b.l.BrowserStackRunExtension - Agent path: null
17:33:45.902 [ApplicationImpl pooled thread 195] INFO  c.b.l.BrowserStackRunExtension - maven
17:33:45.903 [ApplicationImpl pooled thread 195] INFO  com.browserstack.utils.Helpers - null
17:34:19.808 [ApplicationImpl pooled thread 200] INFO  c.b.l.BrowserStackRunExtension - cucumber java
17:34:19.809 [ApplicationImpl pooled thread 200] INFO  com.browserstack.utils.Helpers - null
17:34:19.811 [ApplicationImpl pooled thread 200] INFO  c.b.l.BrowserStackRunExtension - Agent path: null
17:58:15.447 [ApplicationImpl pooled thread 214] INFO  c.b.l.BrowserStackRunExtension - cucumber java
17:58:15.447 [ApplicationImpl pooled thread 214] INFO  com.browserstack.utils.Helpers - null
17:58:15.448 [ApplicationImpl pooled thread 214] INFO  c.b.l.BrowserStackRunExtension - Agent path: null
18:02:52.794 [ApplicationImpl pooled thread 219] INFO  c.b.l.BrowserStackRunExtension - cucumber java
18:02:52.795 [ApplicationImpl pooled thread 219] INFO  com.browserstack.utils.Helpers - null
18:02:52.795 [ApplicationImpl pooled thread 219] INFO  c.b.l.BrowserStackRunExtension - Agent path: null
18:04:18.055 [ApplicationImpl pooled thread 222] INFO  c.b.l.BrowserStackRunExtension - cucumber java
18:04:18.055 [ApplicationImpl pooled thread 222] INFO  com.browserstack.utils.Helpers - null
18:04:18.058 [ApplicationImpl pooled thread 222] INFO  c.b.l.BrowserStackRunExtension - Agent path: null
18:12:15.921 [ApplicationImpl pooled thread 234] INFO  c.b.l.BrowserStackRunExtension - cucumber java
18:12:15.921 [ApplicationImpl pooled thread 234] INFO  com.browserstack.utils.Helpers - null
18:12:15.928 [ApplicationImpl pooled thread 234] INFO  c.b.l.BrowserStackRunExtension - Agent path: null
18:13:38.168 [ApplicationImpl pooled thread 227] INFO  c.b.l.BrowserStackRunExtension - cucumber java
18:13:38.168 [ApplicationImpl pooled thread 227] INFO  com.browserstack.utils.Helpers - null
18:13:38.177 [ApplicationImpl pooled thread 227] INFO  c.b.l.BrowserStackRunExtension - Agent path: null
18:14:18.854 [ApplicationImpl pooled thread 241] INFO  c.b.l.BrowserStackRunExtension - cucumber java
18:14:18.854 [ApplicationImpl pooled thread 241] INFO  com.browserstack.utils.Helpers - null
18:14:18.855 [ApplicationImpl pooled thread 241] INFO  c.b.l.BrowserStackRunExtension - Agent path: null
18:14:30.461 [ApplicationImpl pooled thread 235] INFO  c.b.l.BrowserStackRunExtension - maven
18:14:30.461 [ApplicationImpl pooled thread 235] INFO  com.browserstack.utils.Helpers - null
18:14:53.025 [ApplicationImpl pooled thread 211] INFO  c.b.l.BrowserStackRunExtension - cucumber java
18:14:53.025 [ApplicationImpl pooled thread 211] INFO  com.browserstack.utils.Helpers - null
18:14:53.026 [ApplicationImpl pooled thread 211] INFO  c.b.l.BrowserStackRunExtension - Agent path: null
18:15:04.271 [ApplicationImpl pooled thread 235] INFO  c.b.l.BrowserStackRunExtension - cucumber java
18:15:04.271 [ApplicationImpl pooled thread 235] INFO  com.browserstack.utils.Helpers - null
18:15:04.286 [ApplicationImpl pooled thread 235] INFO  c.b.l.BrowserStackRunExtension - Agent path: null
18:15:14.123 [ApplicationImpl pooled thread 240] INFO  c.b.l.BrowserStackRunExtension - maven
18:15:14.123 [ApplicationImpl pooled thread 240] INFO  com.browserstack.utils.Helpers - null
18:15:20.282 [ApplicationImpl pooled thread 234] INFO  c.b.l.BrowserStackRunExtension - maven
18:15:20.282 [ApplicationImpl pooled thread 234] INFO  com.browserstack.utils.Helpers - null
18:15:42.262 [ApplicationImpl pooled thread 243] INFO  c.b.l.BrowserStackRunExtension - cucumber java
18:15:42.262 [ApplicationImpl pooled thread 243] INFO  com.browserstack.utils.Helpers - null
18:15:42.265 [ApplicationImpl pooled thread 243] INFO  c.b.l.BrowserStackRunExtension - Agent path: null
18:15:57.408 [ApplicationImpl pooled thread 211] INFO  c.b.l.BrowserStackRunExtension - cucumber java
18:15:57.408 [ApplicationImpl pooled thread 211] INFO  com.browserstack.utils.Helpers - null
18:15:57.409 [ApplicationImpl pooled thread 211] INFO  c.b.l.BrowserStackRunExtension - Agent path: null
18:16:40.889 [ApplicationImpl pooled thread 243] INFO  c.b.l.BrowserStackRunExtension - maven
18:16:40.889 [ApplicationImpl pooled thread 243] INFO  com.browserstack.utils.Helpers - null
18:17:02.441 [ApplicationImpl pooled thread 242] INFO  c.b.l.BrowserStackRunExtension - cucumber java
18:17:02.441 [ApplicationImpl pooled thread 242] INFO  com.browserstack.utils.Helpers - null
18:17:02.455 [ApplicationImpl pooled thread 242] INFO  c.b.l.BrowserStackRunExtension - Agent path: null
18:17:27.853 [ApplicationImpl pooled thread 241] INFO  c.b.l.BrowserStackRunExtension - cucumber java
18:17:27.854 [ApplicationImpl pooled thread 241] INFO  com.browserstack.utils.Helpers - null
18:17:27.870 [ApplicationImpl pooled thread 241] INFO  c.b.l.BrowserStackRunExtension - Agent path: null
18:18:09.793 [ApplicationImpl pooled thread 232] INFO  c.b.l.BrowserStackRunExtension - cucumber java
18:18:09.794 [ApplicationImpl pooled thread 232] INFO  com.browserstack.utils.Helpers - null
18:18:09.802 [ApplicationImpl pooled thread 232] INFO  c.b.l.BrowserStackRunExtension - Agent path: null
18:20:24.152 [ApplicationImpl pooled thread 241] INFO  c.b.l.BrowserStackRunExtension - cucumber java
18:20:24.152 [ApplicationImpl pooled thread 241] INFO  com.browserstack.utils.Helpers - null
18:20:24.153 [ApplicationImpl pooled thread 241] INFO  c.b.l.BrowserStackRunExtension - Agent path: null
18:23:06.282 [ApplicationImpl pooled thread 255] INFO  c.b.l.BrowserStackRunExtension - cucumber java
18:23:06.282 [ApplicationImpl pooled thread 255] INFO  com.browserstack.utils.Helpers - null
18:23:06.283 [ApplicationImpl pooled thread 255] INFO  c.b.l.BrowserStackRunExtension - Agent path: null
18:23:24.682 [ApplicationImpl pooled thread 254] INFO  c.b.l.BrowserStackRunExtension - maven
18:23:24.683 [ApplicationImpl pooled thread 254] INFO  com.browserstack.utils.Helpers - null
18:23:40.736 [ApplicationImpl pooled thread 255] INFO  c.b.l.BrowserStackRunExtension - cucumber java
18:23:40.736 [ApplicationImpl pooled thread 255] INFO  com.browserstack.utils.Helpers - null
18:23:40.748 [ApplicationImpl pooled thread 255] INFO  c.b.l.BrowserStackRunExtension - Agent path: null
18:25:28.163 [ApplicationImpl pooled thread 253] INFO  c.b.l.BrowserStackRunExtension - cucumber java
18:25:28.164 [ApplicationImpl pooled thread 253] INFO  com.browserstack.utils.Helpers - null
18:25:28.175 [ApplicationImpl pooled thread 253] INFO  c.b.l.BrowserStackRunExtension - Agent path: null
18:25:51.151 [ApplicationImpl pooled thread 248] INFO  c.b.l.BrowserStackRunExtension - maven
18:25:51.151 [ApplicationImpl pooled thread 248] INFO  com.browserstack.utils.Helpers - null
18:26:07.138 [ApplicationImpl pooled thread 253] INFO  c.b.l.BrowserStackRunExtension - cucumber java
18:26:07.138 [ApplicationImpl pooled thread 253] INFO  com.browserstack.utils.Helpers - null
18:26:07.142 [ApplicationImpl pooled thread 253] INFO  c.b.l.BrowserStackRunExtension - Agent path: null
18:26:59.045 [ApplicationImpl pooled thread 260] INFO  c.b.l.BrowserStackRunExtension - maven
18:26:59.045 [ApplicationImpl pooled thread 260] INFO  com.browserstack.utils.Helpers - null
18:27:15.035 [ApplicationImpl pooled thread 263] INFO  c.b.l.BrowserStackRunExtension - cucumber java
18:27:15.036 [ApplicationImpl pooled thread 263] INFO  com.browserstack.utils.Helpers - null
18:27:15.045 [ApplicationImpl pooled thread 263] INFO  c.b.l.BrowserStackRunExtension - Agent path: null
18:28:41.342 [ApplicationImpl pooled thread 248] INFO  c.b.l.BrowserStackRunExtension - maven
18:28:41.342 [ApplicationImpl pooled thread 248] INFO  com.browserstack.utils.Helpers - null
18:28:57.828 [ApplicationImpl pooled thread 263] INFO  c.b.l.BrowserStackRunExtension - cucumber java
18:28:57.828 [ApplicationImpl pooled thread 263] INFO  com.browserstack.utils.Helpers - null
18:28:57.829 [ApplicationImpl pooled thread 263] INFO  c.b.l.BrowserStackRunExtension - Agent path: null
18:38:54.743 [ApplicationImpl pooled thread 281] INFO  c.b.l.BrowserStackRunExtension - maven
18:38:54.743 [ApplicationImpl pooled thread 281] INFO  com.browserstack.utils.Helpers - null
18:39:10.871 [ApplicationImpl pooled thread 260] INFO  c.b.l.BrowserStackRunExtension - maven
18:39:10.871 [ApplicationImpl pooled thread 260] INFO  com.browserstack.utils.Helpers - null
18:39:25.747 [ApplicationImpl pooled thread 286] INFO  c.b.l.BrowserStackRunExtension - cucumber java
18:39:25.747 [ApplicationImpl pooled thread 286] INFO  com.browserstack.utils.Helpers - null
18:39:25.763 [ApplicationImpl pooled thread 286] INFO  c.b.l.BrowserStackRunExtension - Agent path: null
18:41:06.732 [ApplicationImpl pooled thread 286] INFO  c.b.l.BrowserStackRunExtension - maven
18:41:06.732 [ApplicationImpl pooled thread 286] INFO  com.browserstack.utils.Helpers - null
18:41:23.164 [ApplicationImpl pooled thread 290] INFO  c.b.l.BrowserStackRunExtension - cucumber java
18:41:23.164 [ApplicationImpl pooled thread 290] INFO  com.browserstack.utils.Helpers - null
18:41:23.177 [ApplicationImpl pooled thread 290] INFO  c.b.l.BrowserStackRunExtension - Agent path: null
18:43:15.890 [ApplicationImpl pooled thread 285] INFO  c.b.l.BrowserStackRunExtension - maven
18:43:15.890 [ApplicationImpl pooled thread 285] INFO  com.browserstack.utils.Helpers - null
18:46:09.516 [ApplicationImpl pooled thread 295] INFO  c.b.l.BrowserStackRunExtension - maven
18:46:09.516 [ApplicationImpl pooled thread 295] INFO  com.browserstack.utils.Helpers - null
18:46:47.197 [ApplicationImpl pooled thread 291] INFO  c.b.l.BrowserStackRunExtension - maven
18:46:47.197 [ApplicationImpl pooled thread 291] INFO  com.browserstack.utils.Helpers - null
18:47:06.860 [ApplicationImpl pooled thread 292] INFO  c.b.l.BrowserStackRunExtension - maven
18:47:06.861 [ApplicationImpl pooled thread 292] INFO  com.browserstack.utils.Helpers - null
18:47:28.312 [ApplicationImpl pooled thread 291] INFO  c.b.l.BrowserStackRunExtension - cucumber java
18:47:28.313 [ApplicationImpl pooled thread 291] INFO  com.browserstack.utils.Helpers - null
18:47:28.329 [ApplicationImpl pooled thread 291] INFO  c.b.l.BrowserStackRunExtension - Agent path: null
18:50:59.358 [ApplicationImpl pooled thread 297] INFO  c.b.l.BrowserStackRunExtension - maven
18:50:59.359 [ApplicationImpl pooled thread 297] INFO  com.browserstack.utils.Helpers - null
18:53:12.693 [ApplicationImpl pooled thread 306] INFO  c.b.l.BrowserStackRunExtension - cucumber java
18:53:12.693 [ApplicationImpl pooled thread 306] INFO  com.browserstack.utils.Helpers - null
18:53:12.707 [ApplicationImpl pooled thread 306] INFO  c.b.l.BrowserStackRunExtension - Agent path: null
19:03:23.028 [ApplicationImpl pooled thread 321] INFO  c.b.l.BrowserStackRunExtension - maven
19:03:23.028 [ApplicationImpl pooled thread 321] INFO  com.browserstack.utils.Helpers - null
19:03:39.359 [ApplicationImpl pooled thread 330] INFO  c.b.l.BrowserStackRunExtension - cucumber java
19:03:39.359 [ApplicationImpl pooled thread 330] INFO  com.browserstack.utils.Helpers - null
19:03:39.359 [ApplicationImpl pooled thread 330] INFO  c.b.l.BrowserStackRunExtension - Agent path: null
19:05:17.647 [ApplicationImpl pooled thread 335] INFO  c.b.l.BrowserStackRunExtension - maven
19:05:17.648 [ApplicationImpl pooled thread 335] INFO  com.browserstack.utils.Helpers - null
19:05:38.400 [ApplicationImpl pooled thread 330] INFO  c.b.l.BrowserStackRunExtension - cucumber java
19:05:38.400 [ApplicationImpl pooled thread 330] INFO  com.browserstack.utils.Helpers - null
19:05:38.401 [ApplicationImpl pooled thread 330] INFO  c.b.l.BrowserStackRunExtension - Agent path: null
19:07:02.340 [ApplicationImpl pooled thread 333] INFO  c.b.l.BrowserStackRunExtension - maven
19:07:02.340 [ApplicationImpl pooled thread 333] INFO  com.browserstack.utils.Helpers - null
19:07:17.326 [ApplicationImpl pooled thread 335] INFO  c.b.l.BrowserStackRunExtension - cucumber java
19:07:17.327 [ApplicationImpl pooled thread 335] INFO  com.browserstack.utils.Helpers - null
19:07:17.331 [ApplicationImpl pooled thread 335] INFO  c.b.l.BrowserStackRunExtension - Agent path: null
19:12:31.800 [ApplicationImpl pooled thread 330] INFO  c.b.l.BrowserStackRunExtension - maven
19:12:31.800 [ApplicationImpl pooled thread 330] INFO  com.browserstack.utils.Helpers - null
19:12:58.906 [ApplicationImpl pooled thread 348] INFO  c.b.l.BrowserStackRunExtension - cucumber java
19:12:58.907 [ApplicationImpl pooled thread 348] INFO  com.browserstack.utils.Helpers - null
19:12:58.923 [ApplicationImpl pooled thread 348] INFO  c.b.l.BrowserStackRunExtension - Agent path: null
19:39:55.304 [ApplicationImpl pooled thread 381] INFO  c.b.l.BrowserStackRunExtension - maven
19:39:55.304 [ApplicationImpl pooled thread 381] INFO  com.browserstack.utils.Helpers - null
19:41:26.493 [ApplicationImpl pooled thread 378] INFO  c.b.l.BrowserStackRunExtension - maven
19:41:26.493 [ApplicationImpl pooled thread 378] INFO  com.browserstack.utils.Helpers - null
19:42:08.654 [ApplicationImpl pooled thread 386] INFO  c.b.l.BrowserStackRunExtension - maven
19:42:08.654 [ApplicationImpl pooled thread 386] INFO  com.browserstack.utils.Helpers - null
19:42:31.502 [ApplicationImpl pooled thread 389] INFO  c.b.l.BrowserStackRunExtension - cucumber java
19:42:31.502 [ApplicationImpl pooled thread 389] INFO  com.browserstack.utils.Helpers - null
19:42:31.504 [ApplicationImpl pooled thread 389] INFO  c.b.l.BrowserStackRunExtension - Agent path: null
23:59:51.739 [ApplicationImpl pooled thread 52] INFO  c.b.l.BrowserStackRunExtension - maven
23:59:51.743 [ApplicationImpl pooled thread 52] INFO  com.browserstack.utils.Helpers - null
00:00:15.436 [ApplicationImpl pooled thread 49] INFO  c.b.l.BrowserStackRunExtension - cucumber java
00:00:15.436 [ApplicationImpl pooled thread 49] INFO  com.browserstack.utils.Helpers - null
00:00:15.437 [ApplicationImpl pooled thread 49] INFO  c.b.l.BrowserStackRunExtension - Agent path: null
00:08:12.659 [ApplicationImpl pooled thread 69] INFO  c.b.l.BrowserStackRunExtension - maven
00:08:12.660 [ApplicationImpl pooled thread 69] INFO  com.browserstack.utils.Helpers - null
00:08:28.567 [ApplicationImpl pooled thread 67] INFO  c.b.l.BrowserStackRunExtension - cucumber java
00:08:28.568 [ApplicationImpl pooled thread 67] INFO  com.browserstack.utils.Helpers - null
00:08:28.575 [ApplicationImpl pooled thread 67] INFO  c.b.l.BrowserStackRunExtension - Agent path: null
22:57:27.246 [ApplicationImpl pooled thread 4] INFO  c.b.l.BrowserStackRunExtension - cucumber java
22:57:27.250 [ApplicationImpl pooled thread 4] INFO  com.browserstack.utils.Helpers - null
22:57:27.259 [ApplicationImpl pooled thread 4] INFO  c.b.l.BrowserStackRunExtension - Agent path: null
22:59:17.050 [ApplicationImpl pooled thread 27] INFO  c.b.l.BrowserStackRunExtension - maven
22:59:17.051 [ApplicationImpl pooled thread 27] INFO  com.browserstack.utils.Helpers - null
22:59:35.175 [ApplicationImpl pooled thread 18] INFO  c.b.l.BrowserStackRunExtension - cucumber java
22:59:35.175 [ApplicationImpl pooled thread 18] INFO  com.browserstack.utils.Helpers - null
22:59:35.184 [ApplicationImpl pooled thread 18] INFO  c.b.l.BrowserStackRunExtension - Agent path: null
23:00:43.316 [ApplicationImpl pooled thread 31] INFO  c.b.l.BrowserStackRunExtension - cucumber java
23:00:43.316 [ApplicationImpl pooled thread 31] INFO  com.browserstack.utils.Helpers - null
23:00:43.317 [ApplicationImpl pooled thread 31] INFO  c.b.l.BrowserStackRunExtension - Agent path: null
23:05:54.038 [ApplicationImpl pooled thread 32] INFO  c.b.l.BrowserStackRunExtension - maven
23:05:54.038 [ApplicationImpl pooled thread 32] INFO  com.browserstack.utils.Helpers - null
23:06:10.551 [ApplicationImpl pooled thread 42] INFO  c.b.l.BrowserStackRunExtension - cucumber java
23:06:10.551 [ApplicationImpl pooled thread 42] INFO  com.browserstack.utils.Helpers - null
23:06:10.552 [ApplicationImpl pooled thread 42] INFO  c.b.l.BrowserStackRunExtension - Agent path: null
23:08:28.689 [ApplicationImpl pooled thread 41] INFO  c.b.l.BrowserStackRunExtension - maven
23:08:28.690 [ApplicationImpl pooled thread 41] INFO  com.browserstack.utils.Helpers - null
23:08:45.156 [ApplicationImpl pooled thread 44] INFO  c.b.l.BrowserStackRunExtension - cucumber java
23:08:45.156 [ApplicationImpl pooled thread 44] INFO  com.browserstack.utils.Helpers - null
23:08:45.173 [ApplicationImpl pooled thread 44] INFO  c.b.l.BrowserStackRunExtension - Agent path: null
23:13:09.046 [ApplicationImpl pooled thread 44] INFO  c.b.l.BrowserStackRunExtension - maven
23:13:09.047 [ApplicationImpl pooled thread 44] INFO  com.browserstack.utils.Helpers - null
23:13:25.395 [ApplicationImpl pooled thread 51] INFO  c.b.l.BrowserStackRunExtension - cucumber java
23:13:25.396 [ApplicationImpl pooled thread 51] INFO  com.browserstack.utils.Helpers - null
23:13:25.397 [ApplicationImpl pooled thread 51] INFO  c.b.l.BrowserStackRunExtension - Agent path: null
23:15:07.162 [ApplicationImpl pooled thread 51] INFO  c.b.l.BrowserStackRunExtension - maven
23:15:07.162 [ApplicationImpl pooled thread 51] INFO  com.browserstack.utils.Helpers - null
23:15:29.568 [ApplicationImpl pooled thread 50] INFO  c.b.l.BrowserStackRunExtension - cucumber java
23:15:29.568 [ApplicationImpl pooled thread 50] INFO  com.browserstack.utils.Helpers - null
23:15:29.571 [ApplicationImpl pooled thread 50] INFO  c.b.l.BrowserStackRunExtension - Agent path: null
23:28:48.229 [ApplicationImpl pooled thread 66] INFO  c.b.l.BrowserStackRunExtension - maven
23:28:48.230 [ApplicationImpl pooled thread 66] INFO  com.browserstack.utils.Helpers - null
23:29:08.566 [ApplicationImpl pooled thread 58] INFO  c.b.l.BrowserStackRunExtension - cucumber java
23:29:08.566 [ApplicationImpl pooled thread 58] INFO  com.browserstack.utils.Helpers - null
23:29:08.568 [ApplicationImpl pooled thread 58] INFO  c.b.l.BrowserStackRunExtension - Agent path: null
23:29:36.960 [ApplicationImpl pooled thread 58] INFO  c.b.l.BrowserStackRunExtension - cucumber java
23:29:36.960 [ApplicationImpl pooled thread 58] INFO  com.browserstack.utils.Helpers - null
23:29:36.961 [ApplicationImpl pooled thread 58] INFO  c.b.l.BrowserStackRunExtension - Agent path: null
23:30:28.569 [ApplicationImpl pooled thread 58] INFO  c.b.l.BrowserStackRunExtension - cucumber java
23:30:28.570 [ApplicationImpl pooled thread 58] INFO  com.browserstack.utils.Helpers - null
23:30:28.575 [ApplicationImpl pooled thread 58] INFO  c.b.l.BrowserStackRunExtension - Agent path: null
23:30:38.563 [ApplicationImpl pooled thread 66] INFO  c.b.l.BrowserStackRunExtension - maven
23:30:38.563 [ApplicationImpl pooled thread 66] INFO  com.browserstack.utils.Helpers - null
23:30:53.283 [ApplicationImpl pooled thread 58] INFO  c.b.l.BrowserStackRunExtension - cucumber java
23:30:53.284 [ApplicationImpl pooled thread 58] INFO  com.browserstack.utils.Helpers - null
23:30:53.300 [ApplicationImpl pooled thread 58] INFO  c.b.l.BrowserStackRunExtension - Agent path: null
23:31:07.397 [ApplicationImpl pooled thread 58] INFO  c.b.l.BrowserStackRunExtension - cucumber java
23:31:07.398 [ApplicationImpl pooled thread 58] INFO  com.browserstack.utils.Helpers - null
23:31:07.406 [ApplicationImpl pooled thread 58] INFO  c.b.l.BrowserStackRunExtension - Agent path: null
23:33:42.745 [ApplicationImpl pooled thread 67] INFO  c.b.l.BrowserStackRunExtension - maven
23:33:42.745 [ApplicationImpl pooled thread 67] INFO  com.browserstack.utils.Helpers - null
23:33:58.214 [ApplicationImpl pooled thread 65] INFO  c.b.l.BrowserStackRunExtension - cucumber java
23:33:58.214 [ApplicationImpl pooled thread 65] INFO  com.browserstack.utils.Helpers - null
23:33:58.219 [ApplicationImpl pooled thread 65] INFO  c.b.l.BrowserStackRunExtension - Agent path: null
23:41:15.852 [ApplicationImpl pooled thread 79] INFO  c.b.l.BrowserStackRunExtension - maven
23:41:15.852 [ApplicationImpl pooled thread 79] INFO  com.browserstack.utils.Helpers - null
23:41:46.562 [ApplicationImpl pooled thread 77] INFO  c.b.l.BrowserStackRunExtension - cucumber java
23:41:46.563 [ApplicationImpl pooled thread 77] INFO  com.browserstack.utils.Helpers - null
23:41:46.569 [ApplicationImpl pooled thread 77] INFO  c.b.l.BrowserStackRunExtension - Agent path: null
23:43:01.028 [ApplicationImpl pooled thread 82] INFO  c.b.l.BrowserStackRunExtension - maven
23:43:01.028 [ApplicationImpl pooled thread 82] INFO  com.browserstack.utils.Helpers - null
23:43:21.032 [ApplicationImpl pooled thread 87] INFO  c.b.l.BrowserStackRunExtension - maven
23:43:21.033 [ApplicationImpl pooled thread 87] INFO  com.browserstack.utils.Helpers - null
23:25:59.002 [ApplicationImpl pooled thread 46] INFO  c.b.l.BrowserStackRunExtension - maven
23:25:59.005 [ApplicationImpl pooled thread 46] INFO  com.browserstack.utils.Helpers - null
23:26:34.238 [ApplicationImpl pooled thread 63] INFO  c.b.l.BrowserStackRunExtension - maven
23:26:34.238 [ApplicationImpl pooled thread 63] INFO  com.browserstack.utils.Helpers - null
23:26:55.128 [ApplicationImpl pooled thread 66] INFO  c.b.l.BrowserStackRunExtension - cucumber java
23:26:55.128 [ApplicationImpl pooled thread 66] INFO  com.browserstack.utils.Helpers - null
23:26:55.130 [ApplicationImpl pooled thread 66] INFO  c.b.l.BrowserStackRunExtension - Agent path: null
23:27:52.090 [ApplicationImpl pooled thread 62] INFO  c.b.l.BrowserStackRunExtension - cucumber java
23:27:52.090 [ApplicationImpl pooled thread 62] INFO  com.browserstack.utils.Helpers - null
23:27:52.091 [ApplicationImpl pooled thread 62] INFO  c.b.l.BrowserStackRunExtension - Agent path: null
23:30:26.878 [ApplicationImpl pooled thread 63] INFO  c.b.l.BrowserStackRunExtension - maven
23:30:26.879 [ApplicationImpl pooled thread 63] INFO  com.browserstack.utils.Helpers - null
23:30:45.361 [ApplicationImpl pooled thread 57] INFO  c.b.l.BrowserStackRunExtension - cucumber java
23:30:45.362 [ApplicationImpl pooled thread 57] INFO  com.browserstack.utils.Helpers - null
23:30:45.375 [ApplicationImpl pooled thread 57] INFO  c.b.l.BrowserStackRunExtension - Agent path: null
23:32:48.126 [ApplicationImpl pooled thread 57] INFO  c.b.l.BrowserStackRunExtension - maven
23:32:48.127 [ApplicationImpl pooled thread 57] INFO  com.browserstack.utils.Helpers - null
23:36:20.389 [ApplicationImpl pooled thread 72] INFO  c.b.l.BrowserStackRunExtension - maven
23:36:20.390 [ApplicationImpl pooled thread 72] INFO  com.browserstack.utils.Helpers - null
23:36:43.382 [ApplicationImpl pooled thread 75] INFO  c.b.l.BrowserStackRunExtension - cucumber java
23:36:43.383 [ApplicationImpl pooled thread 75] INFO  com.browserstack.utils.Helpers - null
23:36:43.383 [ApplicationImpl pooled thread 75] INFO  c.b.l.BrowserStackRunExtension - Agent path: null
23:38:50.865 [ApplicationImpl pooled thread 62] INFO  c.b.l.BrowserStackRunExtension - maven
23:38:50.865 [ApplicationImpl pooled thread 62] INFO  com.browserstack.utils.Helpers - null
23:39:07.633 [ApplicationImpl pooled thread 82] INFO  c.b.l.BrowserStackRunExtension - cucumber java
23:39:07.633 [ApplicationImpl pooled thread 82] INFO  com.browserstack.utils.Helpers - null
23:39:07.634 [ApplicationImpl pooled thread 82] INFO  c.b.l.BrowserStackRunExtension - Agent path: null
23:40:10.263 [ApplicationImpl pooled thread 83] INFO  c.b.l.BrowserStackRunExtension - cucumber java
23:40:10.263 [ApplicationImpl pooled thread 83] INFO  com.browserstack.utils.Helpers - null
23:40:10.263 [ApplicationImpl pooled thread 83] INFO  c.b.l.BrowserStackRunExtension - Agent path: null
23:46:55.974 [ApplicationImpl pooled thread 91] INFO  c.b.l.BrowserStackRunExtension - cucumber java
23:46:55.990 [ApplicationImpl pooled thread 91] INFO  com.browserstack.utils.Helpers - null
23:46:56.006 [ApplicationImpl pooled thread 91] INFO  c.b.l.BrowserStackRunExtension - Agent path: null
23:48:51.538 [ApplicationImpl pooled thread 98] INFO  c.b.l.BrowserStackRunExtension - maven
23:48:51.538 [ApplicationImpl pooled thread 98] INFO  com.browserstack.utils.Helpers - null
23:54:05.172 [ApplicationImpl pooled thread 89] INFO  c.b.l.BrowserStackRunExtension - maven
23:54:05.172 [ApplicationImpl pooled thread 89] INFO  com.browserstack.utils.Helpers - null
23:54:31.353 [ApplicationImpl pooled thread 111] INFO  c.b.l.BrowserStackRunExtension - cucumber java
23:54:31.353 [ApplicationImpl pooled thread 111] INFO  com.browserstack.utils.Helpers - null
23:54:31.369 [ApplicationImpl pooled thread 111] INFO  c.b.l.BrowserStackRunExtension - Agent path: null
23:54:58.918 [ApplicationImpl pooled thread 111] INFO  c.b.l.BrowserStackRunExtension - cucumber java
23:54:58.918 [ApplicationImpl pooled thread 111] INFO  com.browserstack.utils.Helpers - null
23:54:58.934 [ApplicationImpl pooled thread 111] INFO  c.b.l.BrowserStackRunExtension - Agent path: null
00:08:53.027 [ApplicationImpl pooled thread 116] INFO  c.b.l.BrowserStackRunExtension - maven
00:08:53.027 [ApplicationImpl pooled thread 116] INFO  com.browserstack.utils.Helpers - null
00:10:11.549 [ApplicationImpl pooled thread 120] INFO  c.b.l.BrowserStackRunExtension - maven
00:10:11.549 [ApplicationImpl pooled thread 120] INFO  com.browserstack.utils.Helpers - null
00:10:32.397 [ApplicationImpl pooled thread 127] INFO  c.b.l.BrowserStackRunExtension - cucumber java
00:10:32.397 [ApplicationImpl pooled thread 127] INFO  com.browserstack.utils.Helpers - null
00:10:32.412 [ApplicationImpl pooled thread 127] INFO  c.b.l.BrowserStackRunExtension - Agent path: null
00:10:55.166 [ApplicationImpl pooled thread 122] INFO  c.b.l.BrowserStackRunExtension - maven
00:10:55.166 [ApplicationImpl pooled thread 122] INFO  com.browserstack.utils.Helpers - null
00:11:13.229 [ApplicationImpl pooled thread 124] INFO  c.b.l.BrowserStackRunExtension - cucumber java
00:11:13.229 [ApplicationImpl pooled thread 124] INFO  com.browserstack.utils.Helpers - null
00:11:13.245 [ApplicationImpl pooled thread 124] INFO  c.b.l.BrowserStackRunExtension - Agent path: null
00:12:01.225 [ApplicationImpl pooled thread 121] INFO  c.b.l.BrowserStackRunExtension - cucumber java
00:12:01.225 [ApplicationImpl pooled thread 121] INFO  com.browserstack.utils.Helpers - null
00:12:01.225 [ApplicationImpl pooled thread 121] INFO  c.b.l.BrowserStackRunExtension - Agent path: null
00:12:53.012 [ApplicationImpl pooled thread 120] INFO  c.b.l.BrowserStackRunExtension - maven
00:12:53.012 [ApplicationImpl pooled thread 120] INFO  com.browserstack.utils.Helpers - null
00:13:12.542 [ApplicationImpl pooled thread 128] INFO  c.b.l.BrowserStackRunExtension - cucumber java
00:13:12.542 [ApplicationImpl pooled thread 128] INFO  com.browserstack.utils.Helpers - null
00:13:12.542 [ApplicationImpl pooled thread 128] INFO  c.b.l.BrowserStackRunExtension - Agent path: null
00:13:44.574 [ApplicationImpl pooled thread 120] INFO  c.b.l.BrowserStackRunExtension - maven
00:13:44.574 [ApplicationImpl pooled thread 120] INFO  com.browserstack.utils.Helpers - null
00:14:03.969 [ApplicationImpl pooled thread 121] INFO  c.b.l.BrowserStackRunExtension - cucumber java
00:14:03.969 [ApplicationImpl pooled thread 121] INFO  com.browserstack.utils.Helpers - null
00:14:03.984 [ApplicationImpl pooled thread 121] INFO  c.b.l.BrowserStackRunExtension - Agent path: null
22:50:16.689 [ApplicationImpl pooled thread 53] INFO  c.b.l.BrowserStackRunExtension - maven
22:50:16.693 [ApplicationImpl pooled thread 53] INFO  com.browserstack.utils.Helpers - null
22:50:42.328 [ApplicationImpl pooled thread 57] INFO  c.b.l.BrowserStackRunExtension - cucumber java
22:50:42.328 [ApplicationImpl pooled thread 57] INFO  com.browserstack.utils.Helpers - null
22:50:42.346 [ApplicationImpl pooled thread 57] INFO  c.b.l.BrowserStackRunExtension - Agent path: null
22:51:26.982 [ApplicationImpl pooled thread 49] INFO  c.b.l.BrowserStackRunExtension - maven
22:51:26.983 [ApplicationImpl pooled thread 49] INFO  com.browserstack.utils.Helpers - null
22:57:24.449 [ApplicationImpl pooled thread 64] INFO  c.b.l.BrowserStackRunExtension - cucumber java
22:57:24.449 [ApplicationImpl pooled thread 64] INFO  com.browserstack.utils.Helpers - null
22:57:24.455 [ApplicationImpl pooled thread 64] INFO  c.b.l.BrowserStackRunExtension - Agent path: null
